#
# There is insufficient memory for the Java Runtime Environment to continue.
# Native memory allocation (mmap) failed to map 176160768 bytes for G1 virtual space
# Possible reasons:
#   The system is out of physical RAM or swap space
#   The process is running with CompressedOops enabled, and the Java Heap may be blocking the growth of the native heap
# Possible solutions:
#   Reduce memory load on the system
#   Increase physical memory or swap space
#   Check if swap backing store is full
#   Decrease Java heap size (-Xmx/-Xms)
#   Decrease number of Java threads
#   Decrease Java thread stack sizes (-Xss)
#   Set larger code cache with -XX:ReservedCodeCacheSize=
#   JVM is running with Zero Based Compressed Oops mode in which the Java heap is
#     placed in the first 32GB address space. The Java Heap base address is the
#     maximum limit for the native heap growth. Please use -XX:HeapBaseMinAddress
#     to set the Java Heap base and to place the Java Heap above 32GB virtual address.
# This output file may be truncated or incomplete.
#
#  Out of Memory Error (os_windows.cpp:3548), pid=2924, tid=4368
#
# JRE version: Java(TM) SE Runtime Environment (17.0.11+7) (build 17.0.11+7-LTS-207)
# Java VM: Java HotSpot(TM) 64-Bit Server VM (17.0.11+7-LTS-207, mixed mode, sharing, tiered, compressed oops, compressed class ptrs, g1 gc, windows-amd64)
# No core dump will be written. Minidumps are not enabled by default on client versions of Windows
#

---------------  S U M M A R Y ------------

Command Line: -ea -Xmx12G C:\Users\Maylinna Rahayu N\Downloads\skripsi\h2o_env\Lib\site-packages\h2o\backend\bin\h2o.jar -ip 127.0.0.1 -web_ip 127.0.0.1 -baseport 54321 -ice_root C:\Users\MAYLIN~1\AppData\Local\Temp\tmp19v2cal3 -nthreads 4 -name H2O_from_python_Maylinna_Rahayu_N_z9uker -log_level INFO -allow_unsupported_java

Host: AMD Ryzen 7 4800H with Radeon Graphics         , 16 cores, 7G,  Windows 11 , 64 bit Build 22621 (10.0.22621.4391)
Time: Tue Dec 17 01:05:18 2024 SE Asia Standard Time elapsed time: 7.867162 seconds (0d 0h 0m 7s)

---------------  T H R E A D  ---------------

Current thread (0x00000237de0de040):  VMThread "VM Thread" [stack: 0x000000f978200000,0x000000f978300000] [id=4368]

Stack: [0x000000f978200000,0x000000f978300000]
Native frames: (J=compiled Java code, j=interpreted, Vv=VM code, C=native code)
V  [jvm.dll+0x679cca]
V  [jvm.dll+0x7da13d]
V  [jvm.dll+0x7dba83]
V  [jvm.dll+0x7dc0f3]
V  [jvm.dll+0x2449af]
V  [jvm.dll+0x676ce9]
V  [jvm.dll+0x66b852]
V  [jvm.dll+0x3018d6]
V  [jvm.dll+0x308e76]
V  [jvm.dll+0x3596ee]
V  [jvm.dll+0x35991f]
V  [jvm.dll+0x2d89a8]
V  [jvm.dll+0x2d6ddd]
V  [jvm.dll+0x2d642c]
V  [jvm.dll+0x319f8b]
V  [jvm.dll+0x7e09eb]
V  [jvm.dll+0x7e1724]
V  [jvm.dll+0x7e1c3d]
V  [jvm.dll+0x7e2014]
V  [jvm.dll+0x7e20e0]
V  [jvm.dll+0x78a85a]
V  [jvm.dll+0x678bb5]
C  [ucrtbase.dll+0x29333]
C  [KERNEL32.DLL+0x1259d]
C  [ntdll.dll+0x5af38]

VM_Operation (0x000000f97c0fe1d0): G1CollectForAllocation, mode: safepoint, requested by thread 0x0000023827760760


---------------  P R O C E S S  ---------------

Threads class SMR info:
_java_thread_list=0x0000023829f5c0f0, length=120, elements={
0x00000237de0e1c40, 0x00000237de0e2ac0, 0x00000237de0fac20, 0x00000237de0fe700,
0x00000237de0ff0c0, 0x00000237de0ffa80, 0x00000237de100820, 0x00000237de1047d0,
0x0000023826008090, 0x000002382615c070, 0x000002382615e560, 0x000002382675efa0,
0x0000023826a27850, 0x0000023826a27d30, 0x00000238267584a0, 0x0000023826758980,
0x000002382705d320, 0x000002382705b9d0, 0x000002382705d830, 0x000002382705bee0,
0x000002382705a080, 0x000002382705c900, 0x000002382705afb0, 0x000002382705a590,
0x000002382705ce10, 0x000002382705b4c0, 0x0000023827761ba0, 0x00000238277620b0,
0x00000238277625c0, 0x0000023827762ad0, 0x0000023827762fe0, 0x000002382775ee10,
0x000002382775caa0, 0x00000238261554e0, 0x0000023826480100, 0x0000023827cf4fa0,
0x00000238278b9100, 0x000002382b499f60, 0x0000023827760250, 0x000002382775f320,
0x0000023827763a00, 0x000002382775cfb0, 0x000002382775f830, 0x000002382775e900,
0x000002382775d4c0, 0x000002382775d9d0, 0x0000023827760760, 0x000002382775fd40,
0x0000023827760c70, 0x00000238282603e0, 0x0000023828259ea0, 0x000002382825cc30,
0x000002382825efa0, 0x000002382825add0, 0x0000023828260e00, 0x000002382825d650,
0x000002382825a3b0, 0x000002382825a8c0, 0x000002382825fed0, 0x000002382825e580,
0x000002382825ea90, 0x000002382825b2e0, 0x000002382825b7f0, 0x000002382825bd00,
0x000002382825d140, 0x000002382825f4b0, 0x00000238282608f0, 0x000002382825c210,
0x000002382825c720, 0x000002382825db60, 0x000002382825f9c0, 0x000002382825e070,
0x0000023828259990, 0x0000023828261310, 0x00000238287c9090, 0x00000238287c8670,
0x00000238287c7c50, 0x00000238287c8b80, 0x00000238287c95a0, 0x00000238287c9ab0,
0x00000238287c8160, 0x00000238287c9fc0, 0x00000238287c6810, 0x00000238287c6d20,
0x00000238287c7230, 0x00000238287c7740, 0x0000023829cd7070, 0x0000023829cd33b0,
0x0000023829cd6b60, 0x0000023829cd7fa0, 0x0000023829cd38c0, 0x0000023829cd84b0,
0x0000023829cd7580, 0x0000023829cd7a90, 0x0000023829cd3dd0, 0x0000023829cd89c0,
0x0000023829cd8ed0, 0x0000023829cd42e0, 0x0000023829cd47f0, 0x0000023829cd5c30,
0x0000023829cd6140, 0x0000023829cda310, 0x0000023829cd6650, 0x0000023829cd5210,
0x0000023829cd5720, 0x0000023829cda820, 0x0000023828362c90, 0x000002382835f9f0,
0x000002382835e5b0, 0x00000238283631a0, 0x000002382835c750, 0x000002382835eac0,
0x00000238283640d0, 0x0000023828362270, 0x0000023828362780, 0x00000238283636b0,
0x0000023828360410, 0x0000023828363bc0, 0x0000023828360920, 0x0000023828360e30
}

Java Threads: ( => current thread )
  0x00000237de0e1c40 JavaThread "Reference Handler" daemon [_thread_blocked, id=336, stack(0x000000f978300000,0x000000f978400000)]
  0x00000237de0e2ac0 JavaThread "Finalizer" daemon [_thread_blocked, id=11532, stack(0x000000f978400000,0x000000f978500000)]
  0x00000237de0fac20 JavaThread "Signal Dispatcher" daemon [_thread_blocked, id=11860, stack(0x000000f978500000,0x000000f978600000)]
  0x00000237de0fe700 JavaThread "Attach Listener" daemon [_thread_blocked, id=13532, stack(0x000000f978600000,0x000000f978700000)]
  0x00000237de0ff0c0 JavaThread "Service Thread" daemon [_thread_blocked, id=14784, stack(0x000000f978700000,0x000000f978800000)]
  0x00000237de0ffa80 JavaThread "Monitor Deflation Thread" daemon [_thread_blocked, id=25392, stack(0x000000f978800000,0x000000f978900000)]
  0x00000237de100820 JavaThread "C2 CompilerThread0" daemon [_thread_blocked, id=25136, stack(0x000000f978900000,0x000000f978a00000)]
  0x00000237de1047d0 JavaThread "C1 CompilerThread0" daemon [_thread_blocked, id=9732, stack(0x000000f978a00000,0x000000f978b00000)]
  0x0000023826008090 JavaThread "Sweeper thread" daemon [_thread_blocked, id=14728, stack(0x000000f978b00000,0x000000f978c00000)]
  0x000002382615c070 JavaThread "Notification Thread" daemon [_thread_blocked, id=22280, stack(0x000000f978e00000,0x000000f978f00000)]
  0x000002382615e560 JavaThread "Common-Cleaner" daemon [_thread_blocked, id=16044, stack(0x000000f979000000,0x000000f979100000)]
  0x000002382675efa0 JavaThread "qtp1097324923-25" [_thread_in_native, id=5392, stack(0x000000f979b00000,0x000000f979c00000)]
  0x0000023826a27850 JavaThread "qtp1097324923-26" [_thread_blocked, id=14652, stack(0x000000f979c00000,0x000000f979d00000)]
  0x0000023826a27d30 JavaThread "qtp1097324923-27" [_thread_in_native, id=2208, stack(0x000000f979d00000,0x000000f979e00000)]
  0x00000238267584a0 JavaThread "qtp1097324923-28" [_thread_in_native, id=21256, stack(0x000000f979e00000,0x000000f979f00000)]
  0x0000023826758980 JavaThread "qtp1097324923-29" [_thread_in_native, id=16752, stack(0x000000f979f00000,0x000000f97a000000)]
  0x000002382705d320 JavaThread "qtp1097324923-30" [_thread_in_native, id=20968, stack(0x000000f97a000000,0x000000f97a100000)]
  0x000002382705b9d0 JavaThread "qtp1097324923-31" [_thread_in_native, id=6932, stack(0x000000f97a100000,0x000000f97a200000)]
  0x000002382705d830 JavaThread "qtp1097324923-32" [_thread_blocked, id=23412, stack(0x000000f97a200000,0x000000f97a300000)]
  0x000002382705bee0 JavaThread "qtp1097324923-33-acceptor-0@1f26d349-ServerConnector@3bd323e9{HTTP/1.1, (http/1.1)}{127.0.0.1:54321}" [_thread_in_native, id=15488, stack(0x000000f97a500000,0x000000f97a600000)]
  0x000002382705a080 JavaThread "qtp1097324923-34-acceptor-1@3744e664-ServerConnector@3bd323e9{HTTP/1.1, (http/1.1)}{127.0.0.1:54321}" [_thread_blocked, id=15220, stack(0x000000f97a600000,0x000000f97a700000)]
  0x000002382705c900 JavaThread "MemCleaner" daemon [_thread_blocked, id=24224, stack(0x000000f979200000,0x000000f979300000)]
  0x000002382705afb0 JavaThread "Multi-UDP-R" [_thread_in_native, id=11004, stack(0x000000f97a300000,0x000000f97a400000)]
  0x000002382705a590 JavaThread "TCP-Accept" [_thread_in_native, id=9060, stack(0x000000f97a400000,0x000000f97a500000)]
  0x000002382705ce10 JavaThread "Heartbeat" daemon [_thread_blocked, id=9452, stack(0x000000f97a700000,0x000000f97a800000)]
  0x000002382705b4c0 JavaThread "ClientDisconnectCheckThread" daemon [_thread_blocked, id=1756, stack(0x000000f97a800000,0x000000f97a900000)]
  0x0000023827761ba0 JavaThread "DestroyJavaVM" [_thread_blocked, id=6184, stack(0x000000f977c00000,0x000000f977d00000)]
  0x00000238277620b0 JavaThread "FJ-126-15" daemon [_thread_blocked, id=22912, stack(0x000000f97b100000,0x000000f97b200000)]
  0x00000238277625c0 JavaThread "qtp1097324923-42" [_thread_blocked, id=14972, stack(0x000000f97b200000,0x000000f97b300000)]
  0x0000023827762ad0 JavaThread "Connector-Scheduler-3bd323e9-1" [_thread_blocked, id=19476, stack(0x000000f97b300000,0x000000f97b400000)]
  0x0000023827762fe0 JavaThread "qtp1097324923-44" [_thread_in_native, id=14576, stack(0x000000f97b400000,0x000000f97b500000)]
  0x000002382775ee10 JavaThread "qtp1097324923-45" [_thread_in_native, id=828, stack(0x000000f97b500000,0x000000f97b600000)]
  0x000002382775caa0 JavaThread "FJ-1-7" daemon [_thread_blocked, id=23312, stack(0x000000f97b600000,0x000000f97b700000)]
  0x00000238261554e0 JavaThread "C2 CompilerThread1" daemon [_thread_in_native, id=24268, stack(0x000000f978c00000,0x000000f978d00000)]
  0x0000023826480100 JavaThread "C2 CompilerThread2" daemon [_thread_in_native, id=13080, stack(0x000000f978d00000,0x000000f978e00000)]
  0x0000023827cf4fa0 JavaThread "C1 CompilerThread1" daemon [_thread_blocked, id=19432, stack(0x000000f97a900000,0x000000f97aa00000)]
  0x00000238278b9100 JavaThread "C1 CompilerThread2" daemon [_thread_blocked, id=23548, stack(0x000000f97aa00000,0x000000f97ab00000)]
  0x000002382b499f60 JavaThread "C1 CompilerThread3" daemon [_thread_blocked, id=20036, stack(0x000000f97b000000,0x000000f97b100000)]
  0x0000023827760250 JavaThread "FJ-2-7" daemon [_thread_blocked, id=10620, stack(0x000000f97b800000,0x000000f97b900000)]
  0x000002382775f320 JavaThread "FJ-1-5" daemon [_thread_blocked, id=15088, stack(0x000000f97b900000,0x000000f97ba00000)]
  0x0000023827763a00 JavaThread "FJ-3-7" daemon [_thread_blocked, id=17256, stack(0x000000f97ba00000,0x000000f97bb00000)]
  0x000002382775cfb0 JavaThread "FJ-2-5" daemon [_thread_blocked, id=8844, stack(0x000000f97bb00000,0x000000f97bc00000)]
  0x000002382775f830 JavaThread "FJ-3-5" daemon [_thread_blocked, id=17700, stack(0x000000f97bc00000,0x000000f97bd00000)]
  0x000002382775e900 JavaThread "FJ-4-7" daemon [_thread_blocked, id=17340, stack(0x000000f97bd00000,0x000000f97be00000)]
  0x000002382775d4c0 JavaThread "FJ-2-3" daemon [_thread_blocked, id=10556, stack(0x000000f97be00000,0x000000f97bf00000)]
  0x000002382775d9d0 JavaThread "FJ-2-1" daemon [_thread_blocked, id=24616, stack(0x000000f97bf00000,0x000000f97c000000)]
  0x0000023827760760 JavaThread "FJ-3-3" daemon [_thread_blocked, id=16988, stack(0x000000f97c000000,0x000000f97c100000)]
  0x000002382775fd40 JavaThread "FJ-3-1" daemon [_thread_blocked, id=24376, stack(0x000000f97c100000,0x000000f97c200000)]
  0x0000023827760c70 JavaThread "FJ-2-13" daemon [_thread_blocked, id=4060, stack(0x000000f97c200000,0x000000f97c300000)]
  0x00000238282603e0 JavaThread "FJ-2-15" daemon [_thread_blocked, id=13124, stack(0x000000f97c300000,0x000000f97c400000)]
  0x0000023828259ea0 JavaThread "FJ-2-11" daemon [_thread_blocked, id=18436, stack(0x000000f97c400000,0x000000f97c500000)]
  0x000002382825cc30 JavaThread "FJ-2-9" daemon [_thread_blocked, id=13424, stack(0x000000f97c500000,0x000000f97c600000)]
  0x000002382825efa0 JavaThread "FJ-2-25" daemon [_thread_blocked, id=15104, stack(0x000000f97c600000,0x000000f97c700000)]
  0x000002382825add0 JavaThread "FJ-2-31" daemon [_thread_blocked, id=11116, stack(0x000000f97c700000,0x000000f97c800000)]
  0x0000023828260e00 JavaThread "FJ-2-27" daemon [_thread_blocked, id=11708, stack(0x000000f97c800000,0x000000f97c900000)]
  0x000002382825d650 JavaThread "FJ-2-17" daemon [_thread_blocked, id=2656, stack(0x000000f97c900000,0x000000f97ca00000)]
  0x000002382825a3b0 JavaThread "FJ-2-23" daemon [_thread_blocked, id=13488, stack(0x000000f97ca00000,0x000000f97cb00000)]
  0x000002382825a8c0 JavaThread "FJ-2-61" daemon [_thread_blocked, id=22348, stack(0x000000f97cb00000,0x000000f97cc00000)]
  0x000002382825fed0 JavaThread "FJ-2-19" daemon [_thread_blocked, id=24000, stack(0x000000f97cc00000,0x000000f97cd00000)]
  0x000002382825e580 JavaThread "FJ-2-53" daemon [_thread_blocked, id=10836, stack(0x000000f97cd00000,0x000000f97ce00000)]
  0x000002382825ea90 JavaThread "FJ-2-33" daemon [_thread_blocked, id=23900, stack(0x000000f97ce00000,0x000000f97cf00000)]
  0x000002382825b2e0 JavaThread "FJ-2-21" daemon [_thread_blocked, id=11720, stack(0x000000f97cf00000,0x000000f97d000000)]
  0x000002382825b7f0 JavaThread "FJ-2-59" daemon [_thread_blocked, id=24988, stack(0x000000f97d000000,0x000000f97d100000)]
  0x000002382825bd00 JavaThread "FJ-2-45" daemon [_thread_blocked, id=6884, stack(0x000000f97d100000,0x000000f97d200000)]
  0x000002382825d140 JavaThread "FJ-2-39" daemon [_thread_blocked, id=5984, stack(0x000000f97d200000,0x000000f97d300000)]
  0x000002382825f4b0 JavaThread "FJ-2-29" daemon [_thread_blocked, id=16652, stack(0x000000f97d300000,0x000000f97d400000)]
  0x00000238282608f0 JavaThread "FJ-2-37" daemon [_thread_blocked, id=25140, stack(0x000000f97d400000,0x000000f97d500000)]
  0x000002382825c210 JavaThread "FJ-2-51" daemon [_thread_blocked, id=22328, stack(0x000000f97d500000,0x000000f97d600000)]
  0x000002382825c720 JavaThread "FJ-2-35" daemon [_thread_blocked, id=372, stack(0x000000f97d600000,0x000000f97d700000)]
  0x000002382825db60 JavaThread "FJ-2-49" daemon [_thread_blocked, id=14292, stack(0x000000f97d700000,0x000000f97d800000)]
  0x000002382825f9c0 JavaThread "FJ-2-43" daemon [_thread_blocked, id=21004, stack(0x000000f97d800000,0x000000f97d900000)]
  0x000002382825e070 JavaThread "FJ-2-63" daemon [_thread_blocked, id=2240, stack(0x000000f97d900000,0x000000f97da00000)]
  0x0000023828259990 JavaThread "FJ-2-57" daemon [_thread_blocked, id=9260, stack(0x000000f97da00000,0x000000f97db00000)]
  0x0000023828261310 JavaThread "FJ-2-41" daemon [_thread_blocked, id=22488, stack(0x000000f97db00000,0x000000f97dc00000)]
  0x00000238287c9090 JavaThread "FJ-2-105" daemon [_thread_blocked, id=12244, stack(0x000000f97dc00000,0x000000f97dd00000)]
  0x00000238287c8670 JavaThread "FJ-2-77" daemon [_thread_blocked, id=20924, stack(0x000000f97dd00000,0x000000f97de00000)]
  0x00000238287c7c50 JavaThread "FJ-2-115" daemon [_thread_blocked, id=24788, stack(0x000000f97de00000,0x000000f97df00000)]
  0x00000238287c8b80 JavaThread "FJ-2-67" daemon [_thread_blocked, id=10304, stack(0x000000f97df00000,0x000000f97e000000)]
  0x00000238287c95a0 JavaThread "FJ-2-101" daemon [_thread_blocked, id=24544, stack(0x000000f97e000000,0x000000f97e100000)]
  0x00000238287c9ab0 JavaThread "FJ-2-121" daemon [_thread_blocked, id=8744, stack(0x000000f97e100000,0x000000f97e200000)]
  0x00000238287c8160 JavaThread "FJ-2-95" daemon [_thread_blocked, id=23392, stack(0x000000f97e200000,0x000000f97e300000)]
  0x00000238287c9fc0 JavaThread "FJ-2-73" daemon [_thread_blocked, id=4704, stack(0x000000f97e300000,0x000000f97e400000)]
  0x00000238287c6810 JavaThread "FJ-2-107" daemon [_thread_blocked, id=5368, stack(0x000000f97e400000,0x000000f97e500000)]
  0x00000238287c6d20 JavaThread "FJ-2-93" daemon [_thread_blocked, id=3076, stack(0x000000f97e500000,0x000000f97e600000)]
  0x00000238287c7230 JavaThread "FJ-2-91" daemon [_thread_blocked, id=5156, stack(0x000000f97e600000,0x000000f97e700000)]
  0x00000238287c7740 JavaThread "FJ-2-83" daemon [_thread_blocked, id=9836, stack(0x000000f97e700000,0x000000f97e800000)]
  0x0000023829cd7070 JavaThread "FJ-2-47" daemon [_thread_blocked, id=12084, stack(0x000000f97e800000,0x000000f97e900000)]
  0x0000023829cd33b0 JavaThread "FJ-2-55" daemon [_thread_blocked, id=3692, stack(0x000000f97e900000,0x000000f97ea00000)]
  0x0000023829cd6b60 JavaThread "FJ-2-119" daemon [_thread_blocked, id=20132, stack(0x000000f97ea00000,0x000000f97eb00000)]
  0x0000023829cd7fa0 JavaThread "FJ-2-71" daemon [_thread_blocked, id=24392, stack(0x000000f97eb00000,0x000000f97ec00000)]
  0x0000023829cd38c0 JavaThread "FJ-2-85" daemon [_thread_blocked, id=2256, stack(0x000000f97ec00000,0x000000f97ed00000)]
  0x0000023829cd84b0 JavaThread "FJ-2-99" daemon [_thread_blocked, id=6876, stack(0x000000f97ed00000,0x000000f97ee00000)]
  0x0000023829cd7580 JavaThread "FJ-2-113" daemon [_thread_blocked, id=10576, stack(0x000000f97ee00000,0x000000f97ef00000)]
  0x0000023829cd7a90 JavaThread "FJ-2-127" daemon [_thread_blocked, id=21612, stack(0x000000f97ef00000,0x000000f97f000000)]
  0x0000023829cd3dd0 JavaThread "FJ-2-75" daemon [_thread_blocked, id=1388, stack(0x000000f97f000000,0x000000f97f100000)]
  0x0000023829cd89c0 JavaThread "FJ-2-89" daemon [_thread_blocked, id=17072, stack(0x000000f97f100000,0x000000f97f200000)]
  0x0000023829cd8ed0 JavaThread "FJ-2-103" daemon [_thread_blocked, id=24384, stack(0x000000f97f200000,0x000000f97f300000)]
  0x0000023829cd42e0 JavaThread "FJ-2-117" daemon [_thread_blocked, id=16276, stack(0x000000f97f300000,0x000000f97f400000)]
  0x0000023829cd47f0 JavaThread "FJ-2-69" daemon [_thread_blocked, id=20464, stack(0x000000f97f400000,0x000000f97f500000)]
  0x0000023829cd5c30 JavaThread "FJ-2-87" daemon [_thread_blocked, id=20576, stack(0x000000f97f500000,0x000000f97f600000)]
  0x0000023829cd6140 JavaThread "FJ-2-111" daemon [_thread_blocked, id=7036, stack(0x000000f97f600000,0x000000f97f700000)]
  0x0000023829cda310 JavaThread "FJ-2-97" daemon [_thread_blocked, id=14832, stack(0x000000f97f700000,0x000000f97f800000)]
  0x0000023829cd6650 JavaThread "FJ-2-125" daemon [_thread_blocked, id=25464, stack(0x000000f97f800000,0x000000f97f900000)]
  0x0000023829cd5210 JavaThread "FJ-117-5" daemon [_thread_blocked, id=23816, stack(0x000000f97fa00000,0x000000f97fb00000)]
  0x0000023829cd5720 JavaThread "FJ-116-7" daemon [_thread_blocked, id=13888, stack(0x000000f97fb00000,0x000000f97fc00000)]
  0x0000023829cda820 JavaThread "FJ-4-5" daemon [_thread_blocked, id=22516, stack(0x000000f97fe00000,0x000000f97ff00000)]
  0x0000023828362c90 JavaThread "FJ-4-3" daemon [_thread_blocked, id=4924, stack(0x000000f97ff00000,0x000000f980000000)]
  0x000002382835f9f0 JavaThread "FJ-3-13" daemon [_thread_blocked, id=13704, stack(0x000000f900000000,0x000000f900100000)]
  0x000002382835e5b0 JavaThread "FJ-4-1" daemon [_thread_blocked, id=15740, stack(0x000000f900100000,0x000000f900200000)]
  0x00000238283631a0 JavaThread "FJ-3-15" daemon [_thread_blocked, id=4816, stack(0x000000f900200000,0x000000f900300000)]
  0x000002382835c750 JavaThread "FJ-3-11" daemon [_thread_blocked, id=21876, stack(0x000000f900300000,0x000000f900400000)]
  0x000002382835eac0 JavaThread "FJ-3-9" daemon [_thread_blocked, id=8004, stack(0x000000f900400000,0x000000f900500000)]
  0x00000238283640d0 JavaThread "FJ-5-5" daemon [_thread_blocked, id=17592, stack(0x000000f900500000,0x000000f900600000)]
  0x0000023828362270 JavaThread "FJ-5-7" daemon [_thread_blocked, id=13000, stack(0x000000f900600000,0x000000f900700000)]
  0x0000023828362780 JavaThread "FJ-5-1" daemon [_thread_blocked, id=16056, stack(0x000000f900700000,0x000000f900800000)]
  0x00000238283636b0 JavaThread "FJ-5-3" daemon [_thread_blocked, id=22216, stack(0x000000f900800000,0x000000f900900000)]
  0x0000023828360410 JavaThread "FJ-4-13" daemon [_thread_blocked, id=21280, stack(0x000000f900900000,0x000000f900a00000)]
  0x0000023828363bc0 JavaThread "FJ-4-15" daemon [_thread_blocked, id=2244, stack(0x000000f900a00000,0x000000f900b00000)]
  0x0000023828360920 JavaThread "FJ-4-11" daemon [_thread_blocked, id=18028, stack(0x000000f900b00000,0x000000f900c00000)]
  0x0000023828360e30 JavaThread "FJ-4-9" daemon [_thread_blocked, id=18804, stack(0x000000f900c00000,0x000000f900d00000)]

Other Threads:
=>0x00000237de0de040 VMThread "VM Thread" [stack: 0x000000f978200000,0x000000f978300000] [id=4368]
  0x00000237ddf34f60 WatcherThread [stack: 0x000000f978f00000,0x000000f979000000] [id=2128]
  0x00000237a86db200 GCTaskThread "GC Thread#0" [stack: 0x000000f977d00000,0x000000f977e00000] [id=2588]
  0x0000023826639770 GCTaskThread "GC Thread#1" [stack: 0x000000f979300000,0x000000f979400000] [id=13820]
  0x0000023826698be0 GCTaskThread "GC Thread#2" [stack: 0x000000f979400000,0x000000f979500000] [id=20312]
  0x00000238266e4090 GCTaskThread "GC Thread#3" [stack: 0x000000f979500000,0x000000f979600000] [id=21252]
  0x00000238266e4350 GCTaskThread "GC Thread#4" [stack: 0x000000f979600000,0x000000f979700000] [id=15920]
  0x00000238266e4820 GCTaskThread "GC Thread#5" [stack: 0x000000f979700000,0x000000f979800000] [id=17692]
  0x000002382696c270 GCTaskThread "GC Thread#6" [stack: 0x000000f979100000,0x000000f979200000] [id=6156]
  0x000002382675d120 GCTaskThread "GC Thread#7" [stack: 0x000000f979800000,0x000000f979900000] [id=20960]
  0x000002382675d3e0 GCTaskThread "GC Thread#8" [stack: 0x000000f979900000,0x000000f979a00000] [id=18676]
  0x000002382675d6a0 GCTaskThread "GC Thread#9" [stack: 0x000000f979a00000,0x000000f979b00000] [id=21884]
  0x00000238276e9020 GCTaskThread "GC Thread#10" [stack: 0x000000f97ab00000,0x000000f97ac00000] [id=17108]
  0x00000238276e92e0 GCTaskThread "GC Thread#11" [stack: 0x000000f97ac00000,0x000000f97ad00000] [id=22064]
  0x00000238276b4e60 GCTaskThread "GC Thread#12" [stack: 0x000000f97ad00000,0x000000f97ae00000] [id=5200]
  0x00000237ddf192e0 ConcurrentGCThread "G1 Main Marker" [stack: 0x000000f977e00000,0x000000f977f00000] [id=23732]
  0x00000237ddf1c4b0 ConcurrentGCThread "G1 Conc#0" [stack: 0x000000f977f00000,0x000000f978000000] [id=17684]
  0x00000238276b4ba0 ConcurrentGCThread "G1 Conc#1" [stack: 0x000000f97ae00000,0x000000f97af00000] [id=7540]
  0x00000238276b4620 ConcurrentGCThread "G1 Conc#2" [stack: 0x000000f97af00000,0x000000f97b000000] [id=12412]
  0x00000237ddf78b90 ConcurrentGCThread "G1 Refine#0" [stack: 0x000000f978000000,0x000000f978100000] [id=4024]
  0x000002382945e580 ConcurrentGCThread "G1 Refine#1" [stack: 0x000000f97b700000,0x000000f97b800000] [id=8396]
  0x00000237ddf795c0 ConcurrentGCThread "G1 Service" [stack: 0x000000f978100000,0x000000f978200000] [id=12836]

Threads with active compile tasks:
C2 CompilerThread0     7905 6141       4       water.IcedWrapper$Icer::write (10 bytes)
C2 CompilerThread1     7905 6224 %     4       hex.tree.ScoreBuildHistogram2$1::map @ 241 (340 bytes)
C2 CompilerThread2     7905 6073       4       water.MRTask::compute2 (924 bytes)
C1 CompilerThread2     7905 6393       2       java.util.stream.StreamSupport::stream (19 bytes)

VM state: at safepoint (normal execution)

VM Mutex/Monitor currently owned by a thread:  ([mutex/lock_event])
[0x00000237a861bb90] Threads_lock - owner thread: 0x00000237de0de040
[0x00000237a861cd00] Heap_lock - owner thread: 0x0000023827760760

Heap address: 0x0000000500000000, size: 12288 MB, Compressed Oops mode: Zero based, Oop shift amount: 3

CDS archive(s) mapped at: [0x00000237e1000000-0x00000237e1bd0000-0x00000237e1bd0000), size 12386304, SharedBaseAddress: 0x00000237e1000000, ArchiveRelocationMode: 1.
Compressed class space mapped at: 0x00000237e2000000-0x0000023822000000, reserved size: 1073741824
Narrow klass base: 0x00000237e1000000, Narrow klass shift: 0, Narrow klass range: 0x100000000

GC Precious Log:
 CPUs: 16 total, 16 available
 Memory: 7600M
 Large Page Support: Disabled
 NUMA Support: Disabled
 Compressed Oops: Enabled (Zero based)
 Heap Region Size: 8M
 Heap Min Capacity: 8M
 Heap Initial Capacity: 120M
 Heap Max Capacity: 12G
 Pre-touch: Disabled
 Parallel Workers: 13
 Concurrent Workers: 3
 Concurrent Refinement Workers: 13
 Periodic GC: Disabled

Heap:
 garbage-first heap   total 311296K, used 75671K [0x0000000500000000, 0x0000000800000000)
  region size 8192K, 2 young (16384K), 2 survivors (16384K)
 Metaspace       used 37901K, committed 38208K, reserved 1114112K
  class space    used 4435K, committed 4608K, reserved 1048576K

Heap Regions: E=young(eden), S=young(survivor), O=old, HS=humongous(starts), HC=humongous(continues), CS=collection set, F=free, OA=open archive, CA=closed archive, TAMS=top-at-mark-start (previous, next)
|   0|0x0000000500000000, 0x0000000500800000, 0x0000000500800000|100%| O|  |TAMS 0x0000000500000000, 0x0000000500000000| Untracked 
|   1|0x0000000500800000, 0x0000000501000000, 0x0000000501000000|100%|HS|  |TAMS 0x0000000501000000, 0x0000000500800000| Complete 
|   2|0x0000000501000000, 0x0000000501800000, 0x0000000501800000|100%| O|  |TAMS 0x0000000501800000, 0x0000000501000000| Untracked 
|   3|0x0000000501800000, 0x0000000502000000, 0x0000000502000000|100%| O|  |TAMS 0x0000000501800000, 0x0000000501800000| Untracked 
|   4|0x0000000502000000, 0x0000000502800000, 0x0000000502800000|100%| O|  |TAMS 0x0000000502000000, 0x0000000502000000| Untracked 
|   5|0x0000000502800000, 0x0000000503000000, 0x0000000503000000|100%| O|  |TAMS 0x0000000502eb6e00, 0x0000000502800000| Untracked 
|   6|0x0000000503000000, 0x0000000503800000, 0x0000000503800000|100%| O|  |TAMS 0x0000000503000000, 0x0000000503000000| Untracked 
|   7|0x0000000503800000, 0x0000000503fc7a00, 0x0000000504000000| 97%| O|  |TAMS 0x0000000503800000, 0x0000000503800000| Untracked 
|   8|0x0000000504000000, 0x0000000504000000, 0x0000000504800000|  0%| F|  |TAMS 0x0000000504000000, 0x0000000504000000| Untracked 
|   9|0x0000000504800000, 0x0000000504800000, 0x0000000505000000|  0%| F|  |TAMS 0x0000000504800000, 0x0000000504800000| Untracked 
|  10|0x0000000505000000, 0x0000000505000000, 0x0000000505800000|  0%| F|  |TAMS 0x0000000505000000, 0x0000000505000000| Untracked 
|  11|0x0000000505800000, 0x0000000505800000, 0x0000000506000000|  0%| F|  |TAMS 0x0000000505800000, 0x0000000505800000| Untracked 
|  12|0x0000000506000000, 0x0000000506000000, 0x0000000506800000|  0%| F|  |TAMS 0x0000000506000000, 0x0000000506000000| Untracked 
|  13|0x0000000506800000, 0x0000000506800000, 0x0000000507000000|  0%| F|  |TAMS 0x0000000506800000, 0x0000000506800000| Untracked 
|  14|0x0000000507000000, 0x000000050721e2e0, 0x0000000507800000| 26%| S|CS|TAMS 0x0000000507000000, 0x0000000507000000| Complete 
|  15|0x0000000507800000, 0x0000000507800000, 0x0000000508000000|  0%| F|  |TAMS 0x0000000507800000, 0x0000000507800000| Untracked 
|  16|0x0000000508000000, 0x0000000508800000, 0x0000000508800000|100%| S|CS|TAMS 0x0000000508000000, 0x0000000508000000| Complete 
|  17|0x0000000508800000, 0x0000000508800000, 0x0000000509000000|  0%| F|  |TAMS 0x0000000508800000, 0x0000000508800000| Untracked 
|  18|0x0000000509000000, 0x0000000509000000, 0x0000000509800000|  0%| F|  |TAMS 0x0000000509000000, 0x0000000509000000| Untracked 
|  19|0x0000000509800000, 0x0000000509800000, 0x000000050a000000|  0%| F|  |TAMS 0x0000000509800000, 0x0000000509800000| Untracked 
|  20|0x000000050a000000, 0x000000050a000000, 0x000000050a800000|  0%| F|  |TAMS 0x000000050a000000, 0x000000050a000000| Untracked 
|  21|0x000000050a800000, 0x000000050a800000, 0x000000050b000000|  0%| F|  |TAMS 0x000000050a800000, 0x000000050a800000| Untracked 
|  22|0x000000050b000000, 0x000000050b000000, 0x000000050b800000|  0%| F|  |TAMS 0x000000050b000000, 0x000000050b000000| Untracked 
|  23|0x000000050b800000, 0x000000050b800000, 0x000000050c000000|  0%| F|  |TAMS 0x000000050b800000, 0x000000050b800000| Untracked 
|  24|0x000000050c000000, 0x000000050c000000, 0x000000050c800000|  0%| F|  |TAMS 0x000000050c000000, 0x000000050c000000| Untracked 
|  25|0x000000050c800000, 0x000000050c800000, 0x000000050d000000|  0%| F|  |TAMS 0x000000050c800000, 0x000000050c800000| Untracked 
|  26|0x000000050d000000, 0x000000050d000000, 0x000000050d800000|  0%| F|  |TAMS 0x000000050d000000, 0x000000050d000000| Untracked 
|  27|0x000000050d800000, 0x000000050d800000, 0x000000050e000000|  0%| F|  |TAMS 0x000000050d800000, 0x000000050d800000| Untracked 
|  28|0x000000050e000000, 0x000000050e000000, 0x000000050e800000|  0%| F|  |TAMS 0x000000050e000000, 0x000000050e000000| Untracked 
|  29|0x000000050e800000, 0x000000050e800000, 0x000000050f000000|  0%| F|  |TAMS 0x000000050e800000, 0x000000050e800000| Untracked 
|  30|0x000000050f000000, 0x000000050f000000, 0x000000050f800000|  0%| F|  |TAMS 0x000000050f000000, 0x000000050f000000| Untracked 
|  31|0x000000050f800000, 0x000000050f800000, 0x0000000510000000|  0%| F|  |TAMS 0x000000050f800000, 0x000000050f800000| Untracked 
|  32|0x0000000510000000, 0x0000000510000000, 0x0000000510800000|  0%| F|  |TAMS 0x0000000510000000, 0x0000000510000000| Untracked 
|  33|0x0000000510800000, 0x0000000510800000, 0x0000000511000000|  0%| F|  |TAMS 0x0000000510800000, 0x0000000510800000| Untracked 
|  34|0x0000000511000000, 0x0000000511000000, 0x0000000511800000|  0%| F|  |TAMS 0x0000000511000000, 0x0000000511000000| Untracked 
|  35|0x0000000511800000, 0x0000000511800000, 0x0000000512000000|  0%| F|  |TAMS 0x0000000511800000, 0x0000000511800000| Untracked 
|  36|0x0000000512000000, 0x0000000512000000, 0x0000000512800000|  0%| F|  |TAMS 0x0000000512000000, 0x0000000512000000| Untracked 
|  37|0x0000000512800000, 0x0000000512800000, 0x0000000513000000|  0%| F|  |TAMS 0x0000000512800000, 0x0000000512800000| Untracked 

Card table byte_map: [0x00000237c2e70000,0x00000237c4670000] _byte_map_base: 0x00000237c0670000

Marking Bits (Prev, Next): (CMBitMap*) 0x00000237a86db820, (CMBitMap*) 0x00000237a86db860
 Prev Bits: [0x00000237c5e70000, 0x00000237d1e70000)
 Next Bits: [0x00000237d1e70000, 0x00000237dde70000)

Polling page: 0x00000237a86e0000

Metaspace:

Usage:
  Non-class:     32.68 MB used.
      Class:      4.33 MB used.
       Both:     37.01 MB used.

Virtual space:
  Non-class space:       64.00 MB reserved,      32.81 MB ( 51%) committed,  1 nodes.
      Class space:        1.00 GB reserved,       4.50 MB ( <1%) committed,  1 nodes.
             Both:        1.06 GB reserved,      37.31 MB (  3%) committed. 

Chunk freelists:
   Non-Class:  14.98 MB
       Class:  11.37 MB
        Both:  26.36 MB

MaxMetaspaceSize: unlimited
CompressedClassSpaceSize: 1.00 GB
Initial GC threshold: 21.00 MB
Current GC threshold: 58.75 MB
CDS: on
MetaspaceReclaimPolicy: balanced
 - commit_granule_bytes: 65536.
 - commit_granule_words: 8192.
 - virtual_space_node_default_size: 8388608.
 - enlarge_chunks_in_place: 1.
 - new_chunks_are_fully_committed: 0.
 - uncommit_free_chunks: 1.
 - use_allocation_guard: 0.
 - handle_deallocations: 1.


Internal statistics:

num_allocs_failed_limit: 6.
num_arena_births: 240.
num_arena_deaths: 0.
num_vsnodes_births: 2.
num_vsnodes_deaths: 0.
num_space_committed: 596.
num_space_uncommitted: 0.
num_chunks_returned_to_freelist: 6.
num_chunks_taken_from_freelist: 1393.
num_chunk_merges: 6.
num_chunk_splits: 1057.
num_chunks_enlarged: 874.
num_inconsistent_stats: 0.

CodeHeap 'non-profiled nmethods': size=119168Kb used=3480Kb max_used=3480Kb free=115687Kb
 bounds [0x00000237b9240000, 0x00000237b95b0000, 0x00000237c06a0000]
CodeHeap 'profiled nmethods': size=119104Kb used=12004Kb max_used=12056Kb free=107099Kb
 bounds [0x00000237b16a0000, 0x00000237b22b0000, 0x00000237b8af0000]
CodeHeap 'non-nmethods': size=7488Kb used=3061Kb max_used=3126Kb free=4426Kb
 bounds [0x00000237b8af0000, 0x00000237b8e00000, 0x00000237b9240000]
 total_blobs=6223 nmethods=5504 adapters=627
 compilation: enabled
              stopped_count=0, restarted_count=0
 full_count=0

Compilation events (20 events):
Event: 7.835 Thread 0x0000023827cf4fa0 6384       2       jdk.internal.math.FDBigInteger::valueOfPow52 (101 bytes)
Event: 7.836 Thread 0x0000023827cf4fa0 nmethod 6384 0x00000237b1f00910 code [0x00000237b1f00b20, 0x00000237b1f010f8]
Event: 7.836 Thread 0x0000023827cf4fa0 6386       3       water.AutoBuffer::putEnum (17 bytes)
Event: 7.836 Thread 0x00000237de100820 nmethod 6024 0x00000237b95a5490 code [0x00000237b95a5640, 0x00000237b95a58f8]
Event: 7.836 Thread 0x00000237de100820 6141       4       water.IcedWrapper$Icer::write (10 bytes)
Event: 7.836 Thread 0x0000023827cf4fa0 nmethod 6386 0x00000237b1f00510 code [0x00000237b1f006c0, 0x00000237b1f00868]
Event: 7.837 Thread 0x0000023827cf4fa0 6387       2       org.apache.logging.log4j.message.SimpleMessage::formatTo (24 bytes)
Event: 7.837 Thread 0x000002382b499f60 6388       2       org.apache.logging.log4j.core.layout.TextEncoderHelper::copy (54 bytes)
Event: 7.837 Thread 0x00000238278b9100 6389       2       java.nio.CharBuffer::flip (5 bytes)
Event: 7.837 Thread 0x00000238278b9100 nmethod 6389 0x00000237b1f00190 code [0x00000237b1f00320, 0x00000237b1f00438]
Event: 7.837 Thread 0x0000023827cf4fa0 nmethod 6387 0x00000237b1effd90 code [0x00000237b1efff20, 0x00000237b1f00068]
Event: 7.837 Thread 0x000002382b499f60 nmethod 6388 0x00000237b1eff490 code [0x00000237b1eff680, 0x00000237b1effab8]
Event: 7.838 Thread 0x000002382b499f60 6390       3       hex.tree.gbm.GBM$ComputePredAndRes::map (500 bytes)
Event: 7.839 Thread 0x00000237de1047d0 nmethod 6379 0x00000237b202b090 code [0x00000237b202b8a0, 0x00000237b2030408]
Event: 7.842 Thread 0x000002382b499f60 nmethod 6390 0x00000237b2026810 code [0x00000237b2026d80, 0x00000237b2029d58]
Event: 7.858 Thread 0x000002382b499f60 6391       1       org.eclipse.jetty.server.Response::getHttpOutput (5 bytes)
Event: 7.859 Thread 0x000002382b499f60 nmethod 6391 0x00000237b95a5b10 code [0x00000237b95a5ca0, 0x00000237b95a5d78]
Event: 7.860 Thread 0x000002382b499f60 6392       1       hex.Model$Parameters::defaultStoppingTolerance (4 bytes)
Event: 7.860 Thread 0x00000238278b9100 6393       2       java.util.stream.StreamSupport::stream (19 bytes)
Event: 7.860 Thread 0x000002382b499f60 nmethod 6392 0x00000237b95a5e10 code [0x00000237b95a5fc0, 0x00000237b95a6098]

GC Heap History (20 events):
Event: 6.206 GC heap after
{Heap after GC invocations=10 (full 0):
 garbage-first heap   total 139264K, used 44204K [0x0000000500000000, 0x0000000800000000)
  region size 8192K, 1 young (8192K), 1 survivors (8192K)
 Metaspace       used 36461K, committed 36736K, reserved 1114112K
  class space    used 4304K, committed 4416K, reserved 1048576K
}
Event: 6.628 GC heap before
{Heap before GC invocations=10 (full 0):
 garbage-first heap   total 139264K, used 85164K [0x0000000500000000, 0x0000000800000000)
  region size 8192K, 6 young (49152K), 1 survivors (8192K)
 Metaspace       used 36994K, committed 37312K, reserved 1114112K
  class space    used 4365K, committed 4544K, reserved 1048576K
}
Event: 6.635 GC heap after
{Heap after GC invocations=11 (full 0):
 garbage-first heap   total 172032K, used 50860K [0x0000000500000000, 0x0000000800000000)
  region size 8192K, 1 young (8192K), 1 survivors (8192K)
 Metaspace       used 36994K, committed 37312K, reserved 1114112K
  class space    used 4365K, committed 4544K, reserved 1048576K
}
Event: 6.978 GC heap before
{Heap before GC invocations=11 (full 0):
 garbage-first heap   total 172032K, used 100012K [0x0000000500000000, 0x0000000800000000)
  region size 8192K, 8 young (65536K), 1 survivors (8192K)
 Metaspace       used 37498K, committed 37760K, reserved 1114112K
  class space    used 4418K, committed 4544K, reserved 1048576K
}
Event: 6.985 GC heap after
{Heap after GC invocations=12 (full 0):
 garbage-first heap   total 172032K, used 63576K [0x0000000500000000, 0x0000000800000000)
  region size 8192K, 1 young (8192K), 1 survivors (8192K)
 Metaspace       used 37498K, committed 37760K, reserved 1114112K
  class space    used 4418K, committed 4544K, reserved 1048576K
}
Event: 7.072 GC heap before
{Heap before GC invocations=12 (full 0):
 garbage-first heap   total 172032K, used 104536K [0x0000000500000000, 0x0000000800000000)
  region size 8192K, 7 young (57344K), 1 survivors (8192K)
 Metaspace       used 37523K, committed 37824K, reserved 1114112K
  class space    used 4419K, committed 4544K, reserved 1048576K
}
Event: 7.075 GC heap after
{Heap after GC invocations=13 (full 0):
 garbage-first heap   total 172032K, used 66095K [0x0000000500000000, 0x0000000800000000)
  region size 8192K, 1 young (8192K), 1 survivors (8192K)
 Metaspace       used 37523K, committed 37824K, reserved 1114112K
  class space    used 4419K, committed 4544K, reserved 1048576K
}
Event: 7.095 GC heap before
{Heap before GC invocations=13 (full 0):
 garbage-first heap   total 172032K, used 107055K [0x0000000500000000, 0x0000000800000000)
  region size 8192K, 6 young (49152K), 1 survivors (8192K)
 Metaspace       used 37523K, committed 37824K, reserved 1114112K
  class space    used 4419K, committed 4544K, reserved 1048576K
}
Event: 7.100 GC heap after
{Heap after GC invocations=14 (full 0):
 garbage-first heap   total 172032K, used 69159K [0x0000000500000000, 0x0000000800000000)
  region size 8192K, 1 young (8192K), 1 survivors (8192K)
 Metaspace       used 37523K, committed 37824K, reserved 1114112K
  class space    used 4419K, committed 4544K, reserved 1048576K
}
Event: 7.121 GC heap before
{Heap before GC invocations=14 (full 0):
 garbage-first heap   total 172032K, used 110119K [0x0000000500000000, 0x0000000800000000)
  region size 8192K, 6 young (49152K), 1 survivors (8192K)
 Metaspace       used 37525K, committed 37824K, reserved 1114112K
  class space    used 4419K, committed 4544K, reserved 1048576K
}
Event: 7.124 GC heap after
{Heap after GC invocations=15 (full 0):
 garbage-first heap   total 311296K, used 69427K [0x0000000500000000, 0x0000000800000000)
  region size 8192K, 1 young (8192K), 1 survivors (8192K)
 Metaspace       used 37525K, committed 37824K, reserved 1114112K
  class space    used 4419K, committed 4544K, reserved 1048576K
}
Event: 7.418 GC heap before
{Heap before GC invocations=15 (full 0):
 garbage-first heap   total 311296K, used 216883K [0x0000000500000000, 0x0000000800000000)
  region size 8192K, 20 young (163840K), 1 survivors (8192K)
 Metaspace       used 37774K, committed 38080K, reserved 1114112K
  class space    used 4434K, committed 4608K, reserved 1048576K
}
Event: 7.420 GC heap after
{Heap after GC invocations=16 (full 0):
 garbage-first heap   total 311296K, used 71459K [0x0000000500000000, 0x0000000800000000)
  region size 8192K, 1 young (8192K), 1 survivors (8192K)
 Metaspace       used 37774K, committed 38080K, reserved 1114112K
  class space    used 4434K, committed 4608K, reserved 1048576K
}
Event: 7.523 GC heap before
{Heap before GC invocations=16 (full 0):
 garbage-first heap   total 311296K, used 235299K [0x0000000500000000, 0x0000000800000000)
  region size 8192K, 22 young (180224K), 1 survivors (8192K)
 Metaspace       used 37810K, committed 38144K, reserved 1114112K
  class space    used 4434K, committed 4608K, reserved 1048576K
}
Event: 7.525 GC heap after
{Heap after GC invocations=17 (full 0):
 garbage-first heap   total 311296K, used 70464K [0x0000000500000000, 0x0000000800000000)
  region size 8192K, 1 young (8192K), 1 survivors (8192K)
 Metaspace       used 37810K, committed 38144K, reserved 1114112K
  class space    used 4434K, committed 4608K, reserved 1048576K
}
Event: 7.644 GC heap before
{Heap before GC invocations=17 (full 0):
 garbage-first heap   total 311296K, used 242496K [0x0000000500000000, 0x0000000800000000)
  region size 8192K, 22 young (180224K), 1 survivors (8192K)
 Metaspace       used 37837K, committed 38144K, reserved 1114112K
  class space    used 4434K, committed 4608K, reserved 1048576K
}
Event: 7.646 GC heap after
{Heap after GC invocations=18 (full 0):
 garbage-first heap   total 311296K, used 72759K [0x0000000500000000, 0x0000000800000000)
  region size 8192K, 1 young (8192K), 1 survivors (8192K)
 Metaspace       used 37837K, committed 38144K, reserved 1114112K
  class space    used 4434K, committed 4608K, reserved 1048576K
}
Event: 7.737 GC heap before
{Heap before GC invocations=18 (full 0):
 garbage-first heap   total 311296K, used 244791K [0x0000000500000000, 0x0000000800000000)
  region size 8192K, 22 young (180224K), 1 survivors (8192K)
 Metaspace       used 37847K, committed 38144K, reserved 1114112K
  class space    used 4435K, committed 4608K, reserved 1048576K
}
Event: 7.740 GC heap after
{Heap after GC invocations=19 (full 0):
 garbage-first heap   total 311296K, used 71570K [0x0000000500000000, 0x0000000800000000)
  region size 8192K, 1 young (8192K), 1 survivors (8192K)
 Metaspace       used 37847K, committed 38144K, reserved 1114112K
  class space    used 4435K, committed 4608K, reserved 1048576K
}
Event: 7.861 GC heap before
{Heap before GC invocations=19 (full 0):
 garbage-first heap   total 311296K, used 235410K [0x0000000500000000, 0x0000000800000000)
  region size 8192K, 22 young (180224K), 1 survivors (8192K)
 Metaspace       used 37901K, committed 38208K, reserved 1114112K
  class space    used 4435K, committed 4608K, reserved 1048576K
}

Deoptimization events (20 events):
Event: 7.796 Thread 0x000002382775fd40 DEOPT PACKING pc=0x00000237b20befd4 sp=0x000000f97c1fead0
Event: 7.796 Thread 0x000002382775fd40 DEOPT UNPACKING pc=0x00000237b8b42b43 sp=0x000000f97c1fe030 mode 0
Event: 7.798 Thread 0x000002382775fd40 DEOPT PACKING pc=0x00000237b20befd4 sp=0x000000f97c1fead0
Event: 7.798 Thread 0x000002382775f830 DEOPT PACKING pc=0x00000237b20befd4 sp=0x000000f97bcfeca0
Event: 7.798 Thread 0x000002382775fd40 DEOPT UNPACKING pc=0x00000237b8b42b43 sp=0x000000f97c1fe030 mode 0
Event: 7.798 Thread 0x000002382775f830 DEOPT UNPACKING pc=0x00000237b8b42b43 sp=0x000000f97bcfe200 mode 0
Event: 7.799 Thread 0x000002382835c750 DEOPT PACKING pc=0x00000237b20befd4 sp=0x000000f9003fe860
Event: 7.799 Thread 0x000002382835c750 DEOPT UNPACKING pc=0x00000237b8b42b43 sp=0x000000f9003fddc0 mode 0
Event: 7.800 Thread 0x000002382835c750 DEOPT PACKING pc=0x00000237b20befd4 sp=0x000000f9003fe860
Event: 7.800 Thread 0x000002382835c750 DEOPT UNPACKING pc=0x00000237b8b42b43 sp=0x000000f9003fddc0 mode 0
Event: 7.801 Thread 0x000002382835eac0 DEOPT PACKING pc=0x00000237b20befd4 sp=0x000000f9004fe860
Event: 7.802 Thread 0x000002382835eac0 DEOPT UNPACKING pc=0x00000237b8b42b43 sp=0x000000f9004fddc0 mode 0
Event: 7.812 Thread 0x000002382775f830 DEOPT PACKING pc=0x00000237b1caf729 sp=0x000000f97bcfeca0
Event: 7.812 Thread 0x000002382775f830 DEOPT UNPACKING pc=0x00000237b8b42b43 sp=0x000000f97bcfe168 mode 0
Event: 7.817 Thread 0x0000023829cd4d00 Uncommon trap: trap_request=0xffffff45 fr.pc=0x00000237b932b288 relative=0x0000000000000768
Event: 7.817 Thread 0x0000023829cd4d00 Uncommon trap: reason=unstable_if action=reinterpret pc=0x00000237b932b288 method=jsr166y.ForkJoinPool.idleAwaitWork(Ljsr166y/ForkJoinPool$WorkQueue;JJ)V @ 124 c2
Event: 7.817 Thread 0x0000023829cd4d00 DEOPT PACKING pc=0x00000237b932b288 sp=0x000000f97f9ff030
Event: 7.818 Thread 0x0000023829cd4d00 DEOPT UNPACKING pc=0x00000237b8b423a3 sp=0x000000f97f9fef00 mode 2
Event: 7.827 Thread 0x0000023827760760 DEOPT PACKING pc=0x00000237b175297a sp=0x000000f97c0feb10
Event: 7.827 Thread 0x0000023827760760 DEOPT UNPACKING pc=0x00000237b8b42b43 sp=0x000000f97c0fe108 mode 0

Classes unloaded (0 events):
No events

Classes redefined (0 events):
No events

Internal exceptions (20 events):
Event: 1.351 Thread 0x00000237a861fb00 Exception <a 'java/lang/NoSuchMethodError'{0x00000005074c4290}: 'void java.lang.invoke.DirectMethodHandle$Holder.invokeStaticInit(java.lang.Object, java.lang.Object, java.lang.Object)'> (0x00000005074c4290) 
thrown [s\open\src\hotspot\share\interpreter\linkResolver.cpp, line 759]
Event: 1.361 Thread 0x00000237a861fb00 Exception <a 'java/lang/NoSuchMethodError'{0x0000000507702ce0}: 'java.lang.Object java.lang.invoke.DirectMethodHandle$Holder.invokeInterface(java.lang.Object, java.lang.Object, java.lang.Object)'> (0x0000000507702ce0) 
thrown [s\open\src\hotspot\share\interpreter\linkResolver.cpp, line 759]
Event: 1.407 Thread 0x00000237a861fb00 Exception <a 'java/lang/NoSuchMethodError'{0x000000050692a998}: 'java.lang.Object java.lang.invoke.DirectMethodHandle$Holder.invokeStaticInit(java.lang.Object, int, int, int, int)'> (0x000000050692a998) 
thrown [s\open\src\hotspot\share\interpreter\linkResolver.cpp, line 759]
Event: 1.522 Thread 0x00000237a861fb00 Exception <a 'java/lang/NoSuchMethodError'{0x0000000506aea800}: 'java.lang.Object java.lang.invoke.DirectMethodHandle$Holder.invokeStaticInit(java.lang.Object, java.lang.Object, int, int, int, int)'> (0x0000000506aea800) 
thrown [s\open\src\hotspot\share\interpreter\linkResolver.cpp, line 759]
Event: 1.532 Thread 0x00000237a861fb00 Exception <a 'java/lang/NoSuchMethodError'{0x0000000506af4268}: 'void java.lang.invoke.DirectMethodHandle$Holder.invokeInterface(java.lang.Object, java.lang.Object)'> (0x0000000506af4268) 
thrown [s\open\src\hotspot\share\interpreter\linkResolver.cpp, line 759]
Event: 1.620 Thread 0x00000237a861fb00 Exception <a 'java/lang/NoSuchMethodError'{0x0000000506ddd040}: 'int java.lang.invoke.DirectMethodHandle$Holder.invokeStaticInit(java.lang.Object, java.lang.Object, java.lang.Object)'> (0x0000000506ddd040) 
thrown [s\open\src\hotspot\share\interpreter\linkResolver.cpp, line 759]
Event: 2.396 Thread 0x00000237a861fb00 Exception <a 'java/lang/NoSuchMethodError'{0x000000050641e680}: 'int java.lang.invoke.DirectMethodHandle$Holder.invokeStaticInit(java.lang.Object, java.lang.Object, java.lang.Object, java.lang.Object)'> (0x000000050641e680) 
thrown [s\open\src\hotspot\share\interpreter\linkResolver.cpp, line 759]
Event: 2.397 Thread 0x00000237a861fb00 Exception <a 'java/lang/IncompatibleClassChangeError'{0x0000000506427860}: Found class java.lang.Object, but interface was expected> (0x0000000506427860) 
thrown [s\open\src\hotspot\share\interpreter\linkResolver.cpp, line 826]
Event: 2.397 Thread 0x00000237a861fb00 Exception <a 'java/lang/NoSuchMethodError'{0x000000050642a758}: 'void java.lang.invoke.DirectMethodHandle$Holder.invokeStaticInit(java.lang.Object, java.lang.Object)'> (0x000000050642a758) 
thrown [s\open\src\hotspot\share\interpreter\linkResolver.cpp, line 759]
Event: 2.436 Thread 0x00000237a861fb00 Exception <a 'java/lang/NoSuchMethodError'{0x0000000506700140}: 'int java.lang.invoke.DirectMethodHandle$Holder.invokeStatic(java.lang.Object, java.lang.Object, int)'> (0x0000000506700140) 
thrown [s\open\src\hotspot\share\interpreter\linkResolver.cpp, line 759]
Event: 2.447 Thread 0x00000237a861fb00 Exception <a 'java/net/SocketException'{0x00000005067394e0}: Network is unreachable: no further information> (0x00000005067394e0) 
thrown [s\open\src\hotspot\share\prims\jni.cpp, line 535]
Event: 3.159 Thread 0x00000238277625c0 Exception <a 'java/lang/NoSuchMethodError'{0x00000005045504c0}: 'void java.lang.invoke.DirectMethodHandle$Holder.invokeSpecial(java.lang.Object, java.lang.Object, java.lang.Object)'> (0x00000005045504c0) 
thrown [s\open\src\hotspot\share\interpreter\linkResolver.cpp, line 759]
Event: 3.214 Thread 0x0000023827762fe0 Exception <a 'java/lang/NoSuchMethodError'{0x000000050478da68}: 'void java.lang.invoke.DirectMethodHandle$Holder.invokeVirtual(java.lang.Object, java.lang.Object, int)'> (0x000000050478da68) 
thrown [s\open\src\hotspot\share\interpreter\linkResolver.cpp, line 759]
Event: 4.612 Thread 0x000002382775caa0 Exception <a 'java/lang/NoSuchMethodError'{0x0000000505270db8}: 'java.lang.Object java.lang.invoke.DirectMethodHandle$Holder.invokeVirtual(java.lang.Object, java.lang.Object, java.lang.Object)'> (0x0000000505270db8) 
thrown [s\open\src\hotspot\share\interpreter\linkResolver.cpp, line 759]
Event: 5.001 Thread 0x000002382775f830 Exception <a 'java/lang/NoSuchMethodError'{0x0000000507fc3550}: 'java.lang.Object java.lang.invoke.DirectMethodHandle$Holder.newInvokeSpecial(java.lang.Object, java.lang.Object, long)'> (0x0000000507fc3550) 
thrown [s\open\src\hotspot\share\interpreter\linkResolver.cpp, line 759]
Event: 5.001 Thread 0x000002382775f830 Exception <a 'java/lang/NoSuchMethodError'{0x0000000507fc70c0}: 'java.lang.Object java.lang.invoke.Invokers$Holder.linkToTargetMethod(java.lang.Object, long, java.lang.Object)'> (0x0000000507fc70c0) 
thrown [s\open\src\hotspot\share\interpreter\linkResolver.cpp, line 759]
Event: 5.536 Thread 0x000002382775caa0 Implicit null exception at 0x00000237b9458ed5 to 0x00000237b9459034
Event: 5.587 Thread 0x000002382775f320 Implicit null exception at 0x00000237b9455c50 to 0x00000237b9455ce4
Event: 6.133 Thread 0x0000023827763a00 Implicit null exception at 0x00000237b94e38b6 to 0x00000237b94e3dec
Event: 7.507 Thread 0x000002382835f9f0 Implicit null exception at 0x00000237b9576a8f to 0x00000237b9576cad

VM Operations (20 events):
Event: 6.938 Executing VM operation: HandshakeAllThreads done
Event: 6.978 Executing VM operation: G1CollectForAllocation
Event: 6.985 Executing VM operation: G1CollectForAllocation done
Event: 7.072 Executing VM operation: G1CollectForAllocation
Event: 7.075 Executing VM operation: G1CollectForAllocation done
Event: 7.095 Executing VM operation: G1CollectForAllocation
Event: 7.101 Executing VM operation: G1CollectForAllocation done
Event: 7.120 Executing VM operation: G1CollectForAllocation
Event: 7.124 Executing VM operation: G1CollectForAllocation done
Event: 7.417 Executing VM operation: G1CollectForAllocation
Event: 7.420 Executing VM operation: G1CollectForAllocation done
Event: 7.523 Executing VM operation: G1CollectForAllocation
Event: 7.525 Executing VM operation: G1CollectForAllocation done
Event: 7.643 Executing VM operation: G1CollectForAllocation
Event: 7.646 Executing VM operation: G1CollectForAllocation done
Event: 7.714 Executing VM operation: HandshakeAllThreads
Event: 7.714 Executing VM operation: HandshakeAllThreads done
Event: 7.737 Executing VM operation: G1CollectForAllocation
Event: 7.740 Executing VM operation: G1CollectForAllocation done
Event: 7.860 Executing VM operation: G1CollectForAllocation

Events (20 events):
Event: 6.624 Thread 0x0000023828363bc0 Thread added: 0x0000023828363bc0
Event: 6.624 Thread 0x0000023828360920 Thread added: 0x0000023828360920
Event: 6.624 Thread 0x0000023828360e30 Thread added: 0x0000023828360e30
Event: 6.646 loading class java/util/TreeMap$DescendingSubMap
Event: 6.646 loading class java/util/TreeMap$NavigableSubMap
Event: 6.647 loading class java/util/TreeMap$NavigableSubMap done
Event: 6.647 loading class java/util/TreeMap$DescendingSubMap done
Event: 6.647 loading class java/util/TreeMap$NavigableSubMap$DescendingSubMapKeyIterator
Event: 6.647 loading class java/util/TreeMap$NavigableSubMap$SubMapIterator
Event: 6.648 loading class java/util/TreeMap$NavigableSubMap$SubMapIterator done
Event: 6.648 loading class java/util/TreeMap$NavigableSubMap$DescendingSubMapKeyIterator done
Event: 6.818 Thread 0x0000023829cd2ea0 Thread exited: 0x0000023829cd2ea0
Event: 6.818 Thread 0x0000023829cd9e00 Thread exited: 0x0000023829cd9e00
Event: 7.367 loading class java/nio/ByteBufferAsFloatBufferL
Event: 7.367 loading class java/nio/FloatBuffer
Event: 7.368 loading class java/nio/FloatBuffer done
Event: 7.368 loading class java/nio/ByteBufferAsFloatBufferL done
Event: 7.716 Thread 0x0000023826008090 flushing nmethod 0x00000237b94f4c90
Event: 7.729 Thread 0x0000023826008090 flushing nmethod 0x00000237b2166910
Event: 7.818 Thread 0x0000023829cd4d00 Thread exited: 0x0000023829cd4d00


Dynamic libraries:
0x00007ff6b16d0000 - 0x00007ff6b16e0000 	C:\Program Files\Java\jdk-17\bin\java.exe
0x00007ffbba4b0000 - 0x00007ffbba6c7000 	C:\WINDOWS\SYSTEM32\ntdll.dll
0x00007ffba73b0000 - 0x00007ffba73ca000 	C:\Program Files\Avast Software\Avast\aswhook.dll
0x00007ffbb81b0000 - 0x00007ffbb8274000 	C:\WINDOWS\System32\KERNEL32.DLL
0x00007ffbb7840000 - 0x00007ffbb7bfa000 	C:\WINDOWS\System32\KERNELBASE.dll
0x00007ffbb7f20000 - 0x00007ffbb8031000 	C:\WINDOWS\System32\ucrtbase.dll
0x00007ffba82b0000 - 0x00007ffba82c9000 	C:\Program Files\Java\jdk-17\bin\jli.dll
0x00007ffba7790000 - 0x00007ffba77ab000 	C:\Program Files\Java\jdk-17\bin\VCRUNTIME140.dll
0x00007ffbba0c0000 - 0x00007ffbba172000 	C:\WINDOWS\System32\ADVAPI32.dll
0x00007ffbba3c0000 - 0x00007ffbba467000 	C:\WINDOWS\System32\msvcrt.dll
0x00007ffbb9850000 - 0x00007ffbb98f7000 	C:\WINDOWS\System32\sechost.dll
0x00007ffbb7c00000 - 0x00007ffbb7c28000 	C:\WINDOWS\System32\bcrypt.dll
0x00007ffbb8bd0000 - 0x00007ffbb8ce4000 	C:\WINDOWS\System32\RPCRT4.dll
0x00007ffbb9080000 - 0x00007ffbb922e000 	C:\WINDOWS\System32\USER32.dll
0x00007ffbb7c30000 - 0x00007ffbb7c56000 	C:\WINDOWS\System32\win32u.dll
0x00007ffba50c0000 - 0x00007ffba5352000 	C:\WINDOWS\WinSxS\amd64_microsoft.windows.common-controls_6595b64144ccf1df_6.0.22621.4541_none_2710d1c57384c085\COMCTL32.dll
0x00007ffbb8ed0000 - 0x00007ffbb8ef9000 	C:\WINDOWS\System32\GDI32.dll
0x00007ffbb7c60000 - 0x00007ffbb7d7b000 	C:\WINDOWS\System32\gdi32full.dll
0x00007ffbb7e00000 - 0x00007ffbb7e9a000 	C:\WINDOWS\System32\msvcp_win.dll
0x00007ffbb36a0000 - 0x00007ffbb36aa000 	C:\WINDOWS\SYSTEM32\VERSION.dll
0x00007ffbba180000 - 0x00007ffbba1b1000 	C:\WINDOWS\System32\IMM32.DLL
0x00007ffbb3320000 - 0x00007ffbb332c000 	C:\Program Files\Java\jdk-17\bin\vcruntime140_1.dll
0x00007ffb49ac0000 - 0x00007ffb49b4e000 	C:\Program Files\Java\jdk-17\bin\msvcp140.dll
0x00007ffac3620000 - 0x00007ffac4200000 	C:\Program Files\Java\jdk-17\bin\server\jvm.dll
0x00007ffbb8cf0000 - 0x00007ffbb8cf8000 	C:\WINDOWS\System32\PSAPI.DLL
0x00007ffba6270000 - 0x00007ffba6279000 	C:\WINDOWS\SYSTEM32\WSOCK32.dll
0x00007ffbae0b0000 - 0x00007ffbae0e4000 	C:\WINDOWS\SYSTEM32\WINMM.dll
0x00007ffbba340000 - 0x00007ffbba3b1000 	C:\WINDOWS\System32\WS2_32.dll
0x00007ffbb67f0000 - 0x00007ffbb6808000 	C:\WINDOWS\SYSTEM32\kernel.appcore.dll
0x00007ffbb3300000 - 0x00007ffbb330a000 	C:\Program Files\Java\jdk-17\bin\jimage.dll
0x00007ffbb5090000 - 0x00007ffbb52c2000 	C:\WINDOWS\SYSTEM32\DBGHELP.DLL
0x00007ffbb9460000 - 0x00007ffbb97ef000 	C:\WINDOWS\System32\combase.dll
0x00007ffbb9900000 - 0x00007ffbb99d7000 	C:\WINDOWS\System32\OLEAUT32.dll
0x00007ffbab020000 - 0x00007ffbab052000 	C:\WINDOWS\SYSTEM32\dbgcore.DLL
0x00007ffbb7d80000 - 0x00007ffbb7dfb000 	C:\WINDOWS\System32\bcryptPrimitives.dll
0x00007ffb9fa50000 - 0x00007ffb9fa75000 	C:\Program Files\Java\jdk-17\bin\java.dll
0x00007ffb499e0000 - 0x00007ffb49ab7000 	C:\Program Files\Java\jdk-17\bin\jsvml.dll
0x00007ffbb82d0000 - 0x00007ffbb8b48000 	C:\WINDOWS\System32\SHELL32.dll
0x00007ffbb5670000 - 0x00007ffbb5f78000 	C:\WINDOWS\SYSTEM32\windows.storage.dll
0x00007ffbb5530000 - 0x00007ffbb566f000 	C:\WINDOWS\SYSTEM32\wintypes.dll
0x00007ffbb8f60000 - 0x00007ffbb905a000 	C:\WINDOWS\System32\SHCORE.dll
0x00007ffbb97f0000 - 0x00007ffbb984e000 	C:\WINDOWS\System32\shlwapi.dll
0x00007ffbb76b0000 - 0x00007ffbb76db000 	C:\WINDOWS\SYSTEM32\profapi.dll
0x00007ffba2980000 - 0x00007ffba2999000 	C:\Program Files\Java\jdk-17\bin\net.dll
0x00007ffbb40b0000 - 0x00007ffbb41e6000 	C:\WINDOWS\SYSTEM32\WINHTTP.dll
0x00007ffbb6c60000 - 0x00007ffbb6cc9000 	C:\WINDOWS\system32\mswsock.dll
0x00007ffb34850000 - 0x00007ffb34866000 	C:\Program Files\Java\jdk-17\bin\nio.dll
0x00007ffb34830000 - 0x00007ffb34848000 	C:\Program Files\Java\jdk-17\bin\zip.dll
0x00007ffba83e0000 - 0x00007ffba83ea000 	C:\Program Files\Java\jdk-17\bin\management.dll
0x00007ffb89ce0000 - 0x00007ffb89ceb000 	C:\Program Files\Java\jdk-17\bin\management_ext.dll
0x00007ffb92d40000 - 0x00007ffb92d57000 	C:\WINDOWS\system32\napinsp.dll
0x00007ffb92d20000 - 0x00007ffb92d3b000 	C:\WINDOWS\system32\pnrpnsp.dll
0x00007ffbb6210000 - 0x00007ffbb6312000 	C:\WINDOWS\SYSTEM32\DNSAPI.dll
0x00007ffbb61e0000 - 0x00007ffbb620d000 	C:\WINDOWS\SYSTEM32\IPHLPAPI.DLL
0x00007ffbb92e0000 - 0x00007ffbb92e9000 	C:\WINDOWS\System32\NSI.dll
0x00007ffb92b00000 - 0x00007ffb92b11000 	C:\WINDOWS\System32\winrnr.dll
0x00007ffb928b0000 - 0x00007ffb928c5000 	C:\WINDOWS\system32\wshbth.dll
0x00007ffb927d0000 - 0x00007ffb927f7000 	C:\WINDOWS\system32\nlansp_c.dll
0x00007ffbb3820000 - 0x00007ffbb382a000 	C:\Windows\System32\rasadhlp.dll
0x00007ffbb3610000 - 0x00007ffbb3693000 	C:\WINDOWS\System32\fwpuclnt.dll
0x00007ffb89b00000 - 0x00007ffb89b10000 	C:\Program Files\Java\jdk-17\bin\verify.dll
0x00007ffbb3bc0000 - 0x00007ffbb3bd9000 	C:\WINDOWS\SYSTEM32\dhcpcsvc6.DLL
0x00007ffbb3830000 - 0x00007ffbb384f000 	C:\WINDOWS\SYSTEM32\dhcpcsvc.DLL
0x00007ffb89710000 - 0x00007ffb8971e000 	C:\Program Files\Java\jdk-17\bin\sunmscapi.dll
0x00007ffbb8040000 - 0x00007ffbb81a6000 	C:\WINDOWS\System32\CRYPT32.dll
0x00007ffbb70c0000 - 0x00007ffbb70ed000 	C:\WINDOWS\SYSTEM32\ncrypt.dll
0x00007ffbb7080000 - 0x00007ffbb70b7000 	C:\WINDOWS\SYSTEM32\NTASN1.dll
0x00007ffb95cc0000 - 0x00007ffb95cc8000 	C:\WINDOWS\system32\wshunix.dll
0x00007ffbb6f50000 - 0x00007ffbb6f6b000 	C:\WINDOWS\SYSTEM32\CRYPTSP.dll
0x00007ffbb6750000 - 0x00007ffbb6785000 	C:\WINDOWS\system32\rsaenh.dll
0x00007ffbb6d00000 - 0x00007ffbb6d28000 	C:\WINDOWS\SYSTEM32\USERENV.dll
0x00007ffbb6e60000 - 0x00007ffbb6e6c000 	C:\WINDOWS\SYSTEM32\CRYPTBASE.dll
0x00007ffb97470000 - 0x00007ffb974c0000 	C:\WINDOWS\SYSTEM32\pdh.dll
0x00007ffb34810000 - 0x00007ffb34821000 	C:\WINDOWS\System32\perfproc.dll
0x00007ffbab210000 - 0x00007ffbab220000 	C:\WINDOWS\System32\perfos.dll
0x00007ffbb49a0000 - 0x00007ffbb49b0000 	C:\WINDOWS\SYSTEM32\pfclient.dll

dbghelp: loaded successfully - version: 4.0.5 - missing functions: none
symbol engine: initialized successfully - sym options: 0x614 - pdb path: .;C:\Program Files\Java\jdk-17\bin;C:\WINDOWS\SYSTEM32;C:\Program Files\Avast Software\Avast;C:\WINDOWS\WinSxS\amd64_microsoft.windows.common-controls_6595b64144ccf1df_6.0.22621.4541_none_2710d1c57384c085;C:\Program Files\Java\jdk-17\bin\server

VM Arguments:
jvm_args: -ea -Xmx12G 
java_command: C:\Users\Maylinna Rahayu N\Downloads\skripsi\h2o_env\Lib\site-packages\h2o\backend\bin\h2o.jar -ip 127.0.0.1 -web_ip 127.0.0.1 -baseport 54321 -ice_root C:\Users\MAYLIN~1\AppData\Local\Temp\tmp19v2cal3 -nthreads 4 -name H2O_from_python_Maylinna_Rahayu_N_z9uker -log_level INFO -allow_unsupported_java
java_class_path (initial): C:\Users\Maylinna Rahayu N\Downloads\skripsi\h2o_env\Lib\site-packages\h2o\backend\bin\h2o.jar
Launcher Type: SUN_STANDARD

[Global flags]
     intx CICompilerCount                          = 12                                        {product} {ergonomic}
     uint ConcGCThreads                            = 3                                         {product} {ergonomic}
     uint G1ConcRefinementThreads                  = 13                                        {product} {ergonomic}
   size_t G1HeapRegionSize                         = 8388608                                   {product} {ergonomic}
    uintx GCDrainStackTargetSize                   = 64                                        {product} {ergonomic}
   size_t InitialHeapSize                          = 125829120                                 {product} {ergonomic}
   size_t MarkStackSize                            = 4194304                                   {product} {ergonomic}
   size_t MaxHeapSize                              = 12884901888                               {product} {command line}
   size_t MaxNewSize                               = 7725907968                                {product} {ergonomic}
   size_t MinHeapDeltaBytes                        = 8388608                                   {product} {ergonomic}
   size_t MinHeapSize                              = 8388608                                   {product} {ergonomic}
    uintx NonNMethodCodeHeapSize                   = 7602480                                {pd product} {ergonomic}
    uintx NonProfiledCodeHeapSize                  = 122027880                              {pd product} {ergonomic}
    uintx ProfiledCodeHeapSize                     = 122027880                              {pd product} {ergonomic}
    uintx ReservedCodeCacheSize                    = 251658240                              {pd product} {ergonomic}
     bool SegmentedCodeCache                       = true                                      {product} {ergonomic}
   size_t SoftMaxHeapSize                          = 12884901888                            {manageable} {ergonomic}
     bool UseCompressedClassPointers               = true                           {product lp64_product} {ergonomic}
     bool UseCompressedOops                        = true                           {product lp64_product} {ergonomic}
     bool UseG1GC                                  = true                                      {product} {ergonomic}
     bool UseLargePagesIndividualAllocation        = false                                  {pd product} {ergonomic}

Logging:
Log output configuration:
 #0: stdout all=warning uptime,level,tags
 #1: stderr all=off uptime,level,tags

Environment Variables:
PATH=C:\Users\Maylinna Rahayu N\Downloads\skripsi\h2o_env\Scripts;c:\Users\Maylinna Rahayu N\.vscode\extensions\ms-python.python-2024.22.0-win32-x64\python_files\deactivate\powershell;C:\Users\Maylinna Rahayu N\Downloads\skripsi\h2o_env\Scripts;c:\Users\Maylinna Rahayu N\.vscode\extensions\ms-python.python-2024.22.0-win32-x64\python_files\deactivate\powershell;C:\Users\Maylinna Rahayu N\Downloads\skripsi\h2o_env\Scripts;C:\Program Files\Common Files\Oracle\Java\javapath;C:\Windows\system32;C:\Windows;C:\Windows\System32\Wbem;C:\Windows\System32\WindowsPowerShell\v1.0\;C:\Windows\System32\OpenSSH\;C:\Program Files (x86)\NVIDIA Corporation\PhysX\Common;C:\Program Files (x86)\mingw-w64\i686-8.1.0-posix-dwarf-rt_v6-rev0\mingw32\bin;C:\WINDOWS\system32;C:\WINDOWS;C:\WINDOWS\System32\Wbem;C:\WINDOWS\System32\WindowsPowerShell\v1.0\;C:\WINDOWS\System32\OpenSSH\;C:\Program Files\PuTTY\;C:\Program Files\Git\cmd;C:\Users\Maylinna Rahayu N\AppData\Local\Microsoft\WindowsApps\python.exe;C:\Users\Maylinna Rahayu N\AppData\Local\Microsoft\WindowsApps;C:\Users\Maylinna Rahayu N\AppData\Local\Microsoft\WindowsApps\python.exe;C:\Users\Maylinna Rahayu N\AppData\Local\Microsoft\WindowsApps;C:\Program Files\Tesseract-OCR;C:\Users\Maylinna Rahayu N\AppData\Local\Programs\Python\Launcher\;C:\Users\Maylinna Rahayu N\AppData\Local\Microsoft\WindowsApps;C:\Users\Maylinna Rahayu N\AppData\Local\Programs\Microsoft VS Code\bin;C:\Program Files\JetBrains\PyCharm 2024.1\bin;;C:\Users\Maylinna Rahayu N\AppData\Local\Microsoft\WindowsApps\python3.exe;C:\Users\Maylinna Rahayu N\AppData\Local\Microsoft\WindowsApps;C:\Users\Maylinna Rahayu N\AppData\Local\Microsoft\WindowsApps\python.exe;C:\Users\Maylinna Rahayu N\AppData\Local\Microsoft\WindowsApps\;C:\Program Files\Tesseract-OCR;
USERNAME=Maylinna Rahayu N
LANG=en_US.UTF-8
OS=Windows_NT
PROCESSOR_IDENTIFIER=AMD64 Family 23 Model 96 Stepping 1, AuthenticAMD



---------------  S Y S T E M  ---------------

OS:
 Windows 11 , 64 bit Build 22621 (10.0.22621.4391)
OS uptime: 1 days 13:07 hours
Hyper-V role detected

CPU: total 16 (initial active 16) (16 cores per cpu, 2 threads per core) family 23 model 96 stepping 1 microcode 0x0, cx8, cmov, fxsr, ht, mmx, 3dnowpref, sse, sse2, sse3, ssse3, sse4a, sse4.1, sse4.2, popcnt, lzcnt, tsc, tscinvbit, avx, avx2, aes, clmul, bmi1, bmi2, adx, sha, fma, vzeroupper, clflush, clflushopt, hv

Memory: 4k page, system-wide physical 7600M (457M free)
TotalPageFile size 14833M (AvailPageFile size 46M)
current process WorkingSet (physical memory assigned to process): 472M, peak: 474M
current process commit charge ("private bytes"): 531M, peak: 697M

vm_info: Java HotSpot(TM) 64-Bit Server VM (17.0.11+7-LTS-207) for windows-amd64 JRE (17.0.11+7-LTS-207), built on Mar 11 2024 19:01:50 by "mach5one" with MS VC++ 17.6 (VS2022)

END.
